

Version:	3.50
CmdLine:	D:\Projeler\Launcher\builder\Capsule.exe --l4j-debug
JNI:		No
WOW64:		Yes
Working dir:	D:\Projeler\Launcher\builder\.
Requires JDK:	No
Requires 64-Bit: Yes
Java min ver:	
Java max ver:	
JRE paths:	runtime
Check launcher:	D:\Projeler\Launcher\builder\runtime\bin\javaw.exe (OK)
Version string: 1.025.000_001 / 64-Bit (OK)
Launcher:	D:\Projeler\Launcher\builder\runtime\bin\javaw.exe
Launcher args:	-jar "D:\Projeler\Launcher\builder\Capsule.exe"
Args length:	47/32768 chars
Exit code:	0


Version:	3.50
CmdLine:	D:\Projeler\Launcher\builder\Capsule.exe --l4j-debug
JNI:		No
WOW64:		Yes
Working dir:	D:\Projeler\Launcher\builder\.
Requires JDK:	No
Requires 64-Bit: Yes
Java min ver:	
Java max ver:	
JRE paths:	runtime
Check launcher:	D:\Projeler\Launcher\builder\runtime\bin\javaw.exe (OK)
Version string: 1.025.000_001 / 64-Bit (OK)
Launcher:	D:\Projeler\Launcher\builder\runtime\bin\javaw.exe
Launcher args:	-jar "D:\Projeler\Launcher\builder\Capsule.exe"
Args length:	47/32768 chars
Exit code:	0
